Already up to date.
Already up to date.
Already up to date.
Updating 2085e36..c13bd29
Fast-forward
 ...245\347\216\260\351\207\221\346\265\201\347\264\257\350\256\241.md" | 3 +++
 1 file changed, 3 insertions(+)
Already up to date.
Already up to date.
Already up to date.
Already up to date.
Already up to date.
Already up to date.
Already up to date.
Already up to date.
Already up to date.
Already up to date.
Already up to date.
Already up to date.
Already up to date.
Already up to date.
Already up to date.
Already up to date.
Already up to date.
Already up to date.
Already up to date.
Already up to date.
Already up to date.
Already up to date.
Already up to date.
Already up to date.
Already up to date.
Already up to date.
Already up to date.
Already up to date.
Already up to date.
Already up to date.
Already up to date.
Already up to date.
Already up to date.
Already up to date.
Already up to date.
Already up to date.
Already up to date.
Already up to date.
Already up to date.
Already up to date.
Already up to date.
Already up to date.
Already up to date.
Already up to date.
Already up to date.
Already up to date.
Already up to date.
Already up to date.
Already up to date.
Already up to date.
Already up to date.
Already up to date.
Already up to date.
Updating db0117e..651ec56
Fast-forward
 docs/assert/window.png                                 | Bin 0 -> 134964 bytes
 ...344\270\213\345\277\253\346\215\267\351\224\256.md" |   2 +-
 2 files changed, 1 insertion(+), 1 deletion(-)
 create mode 100644 docs/assert/window.png
Already up to date.
Already up to date.
Already up to date.
Already up to date.
Already up to date.
Already up to date.
Already up to date.
Already up to date.
Already up to date.
Already up to date.
Already up to date.
Already up to date.
Already up to date.
Already up to date.
Already up to date.
Already up to date.
Already up to date.
Already up to date.
Already up to date.
Already up to date.
Already up to date.
Already up to date.
Already up to date.
Already up to date.
Already up to date.
Already up to date.
